android/app/build/intermediates/manifest_merge_blame_file/release/manifest-merger-blame-release-report.txt
1<?xml version="1.0" encoding="utf-8"?>
2<manifest xmlns:android="http://schemas.android.com/apk/res/android"
3    package="com.pharmacy"
4    android:versionCode="1"
5    android:versionName="1.0" >
6
7    <uses-sdk
8        android:minSdkVersion="21"
8-->src/main/AndroidManifest.xml
9        android:targetSdkVersion="33" />
9-->src/main/AndroidManifest.xml
10
11    <uses-permission android:name="android.permission.INTERNET" />
11-->src/main/AndroidManifest.xml:3:5-67
11-->src/main/AndroidManifest.xml:3:22-64
12    <uses-permission android:name="android.permission.CAMERA" />
12-->src/main/AndroidManifest.xml:4:9-69
12-->src/main/AndroidManifest.xml:4:26-66
13    <uses-permission android:name="android.permission.VIBRATE" />
13-->src/main/AndroidManifest.xml:5:5-65
13-->src/main/AndroidManifest.xml:5:22-63
14    <uses-permission
14-->src/main/AndroidManifest.xml:7:9-9:72
15        android:name="android.permission.ACCESS_FINE_LOCATION"
15-->src/main/AndroidManifest.xml:9:16-70
16        android:required="true" />
16-->src/main/AndroidManifest.xml:8:15-38
17
18    <uses-feature
18-->[:react-native-camera] AndroidManifest.xml:9:5-11:36
19        android:name="android.hardware.camera"
19-->[:react-native-camera] AndroidManifest.xml:10:9-47
20        android:required="false" />
20-->[:react-native-camera] AndroidManifest.xml:11:9-33
21    <uses-feature
21-->[:react-native-camera] AndroidManifest.xml:12:5-14:36
22        android:name="android.hardware.camera.autofocus"
22-->[:react-native-camera] AndroidManifest.xml:13:9-57
23        android:required="false" />
23-->[:react-native-camera] AndroidManifest.xml:14:9-33
24
25    <uses-permission android:name="android.permission.WRITE_EXTERNAL_STORAGE" />
25-->[:expo-file-system] AndroidManifest.xml:9:5-81
25-->[:expo-file-system] AndroidManifest.xml:9:22-78
26    <uses-permission android:name="android.permission.READ_EXTERNAL_STORAGE" />
26-->[:expo-file-system] AndroidManifest.xml:10:5-80
26-->[:expo-file-system] AndroidManifest.xml:10:22-77
27
28    <queries>
28-->[:expo-file-system] AndroidManifest.xml:12:5-18:15
29
30        <!-- Query open documents -->
31        <intent>
31-->[:expo-file-system] AndroidManifest.xml:15:9-17:18
32            <action android:name="android.intent.action.OPEN_DOCUMENT_TREE" />
32-->[:expo-file-system] AndroidManifest.xml:16:13-79
32-->[:expo-file-system] AndroidManifest.xml:16:21-76
33        </intent>
34    </queries> <!-- Although the *SdkVersion is captured in gradle build files, this is required for non gradle builds -->
35    <!-- <uses-sdk android:minSdkVersion="14"/> -->
36    <uses-permission android:name="android.permission.ACCESS_NETWORK_STATE" />
36-->[com.google.android.datatransport:transport-backend-cct:2.3.3] AndroidManifest.xml:25:5-79
36-->[com.google.android.datatransport:transport-backend-cct:2.3.3] AndroidManifest.xml:25:22-76
37    <uses-permission android:name="com.google.android.finsky.permission.BIND_GET_INSTALL_REFERRER_SERVICE" />
37-->[com.android.installreferrer:installreferrer:1.0] AndroidManifest.xml:9:5-110
37-->[com.android.installreferrer:installreferrer:1.0] AndroidManifest.xml:9:22-107
38
39    <application
39-->src/main/AndroidManifest.xml:11:5-32:19
40        android:name="com.pharmacy.MainApplication"
40-->src/main/AndroidManifest.xml:12:7-38
41        android:allowBackup="false"
41-->src/main/AndroidManifest.xml:16:7-34
42        android:appComponentFactory="androidx.core.app.CoreComponentFactory"
42-->[androidx.core:core:1.8.0] AndroidManifest.xml:24:18-86
43        android:icon="@mipmap/ic_launcher"
43-->src/main/AndroidManifest.xml:14:7-41
44        android:label="@string/app_name"
44-->src/main/AndroidManifest.xml:13:7-39
45        android:roundIcon="@mipmap/ic_launcher_round"
45-->src/main/AndroidManifest.xml:15:7-52
46        android:theme="@style/AppTheme"
46-->src/main/AndroidManifest.xml:18:7-38
47        android:usesCleartextTraffic="true" >
47-->src/main/AndroidManifest.xml:17:7-42
48        <activity
48-->src/main/AndroidManifest.xml:19:7-31:18
49            android:name="com.pharmacy.MainActivity"
49-->src/main/AndroidManifest.xml:20:9-37
50            android:configChanges="keyboard|keyboardHidden|orientation|screenLayout|screenSize|smallestScreenSize|uiMode"
50-->src/main/AndroidManifest.xml:22:9-118
51            android:exported="true"
51-->src/main/AndroidManifest.xml:25:9-32
52            android:label="@string/app_name"
52-->src/main/AndroidManifest.xml:21:9-41
53            android:launchMode="singleTask"
53-->src/main/AndroidManifest.xml:23:9-40
54            android:windowSoftInputMode="adjustPan" >
54-->src/main/AndroidManifest.xml:24:9-48
55            <intent-filter>
55-->src/main/AndroidManifest.xml:27:9-30:25
56                <action android:name="android.intent.action.MAIN" />
56-->src/main/AndroidManifest.xml:28:13-65
56-->src/main/AndroidManifest.xml:28:21-62
57
58                <category android:name="android.intent.category.LAUNCHER" />
58-->src/main/AndroidManifest.xml:29:13-73
58-->src/main/AndroidManifest.xml:29:23-70
59            </intent-filter>
60        </activity>
61
62        <provider
62-->[:expo-file-system] AndroidManifest.xml:21:9-30:20
63            android:name="expo.modules.filesystem.FileSystemFileProvider"
63-->[:expo-file-system] AndroidManifest.xml:22:13-74
64            android:authorities="com.pharmacy.FileSystemFileProvider"
64-->[:expo-file-system] AndroidManifest.xml:23:13-74
65            android:exported="false"
65-->[:expo-file-system] AndroidManifest.xml:24:13-37
66            android:grantUriPermissions="true" >
66-->[:expo-file-system] AndroidManifest.xml:25:13-47
67            <meta-data
67-->[:expo-file-system] AndroidManifest.xml:27:13-29:70
68                android:name="android.support.FILE_PROVIDER_PATHS"
68-->[:expo-file-system] AndroidManifest.xml:28:17-67
69                android:resource="@xml/file_system_provider_paths" />
69-->[:expo-file-system] AndroidManifest.xml:29:17-67
70        </provider>
71
72        <meta-data
72-->[:expo-modules-core] AndroidManifest.xml:9:9-11:89
73            android:name="org.unimodules.core.AppLoader#react-native-headless"
73-->[:expo-modules-core] AndroidManifest.xml:10:13-79
74            android:value="expo.modules.adapters.react.apploader.RNHeadlessAppLoader" />
74-->[:expo-modules-core] AndroidManifest.xml:11:13-86
75        <meta-data
75-->[:expo-modules-core] AndroidManifest.xml:12:9-15:45
76            android:name="com.facebook.soloader.enabled"
76-->[:expo-modules-core] AndroidManifest.xml:13:13-57
77            android:value="true" />
77-->[:expo-modules-core] AndroidManifest.xml:14:13-33
78
79        <service
79-->[com.google.android.gms:play-services-mlkit-barcode-scanning:16.2.0] AndroidManifest.xml:9:9-15:19
80            android:name="com.google.mlkit.common.internal.MlKitComponentDiscoveryService"
80-->[com.google.android.gms:play-services-mlkit-barcode-scanning:16.2.0] AndroidManifest.xml:10:13-91
81            android:directBootAware="true"
81-->[com.google.mlkit:common:17.2.0] AndroidManifest.xml:17:13-43
82            android:exported="false" >
82-->[com.google.android.gms:play-services-mlkit-barcode-scanning:16.2.0] AndroidManifest.xml:11:13-37
83            <meta-data
83-->[com.google.android.gms:play-services-mlkit-barcode-scanning:16.2.0] AndroidManifest.xml:12:13-14:85
84                android:name="com.google.firebase.components:com.google.mlkit.vision.barcode.internal.BarcodeRegistrar"
84-->[com.google.android.gms:play-services-mlkit-barcode-scanning:16.2.0] AndroidManifest.xml:13:17-120
85                android:value="com.google.firebase.components.ComponentRegistrar" />
85-->[com.google.android.gms:play-services-mlkit-barcode-scanning:16.2.0] AndroidManifest.xml:14:17-82
86            <meta-data
86-->[com.google.android.gms:play-services-mlkit-face-detection:16.2.0] AndroidManifest.xml:12:13-14:85
87                android:name="com.google.firebase.components:com.google.mlkit.vision.face.internal.FaceRegistrar"
87-->[com.google.android.gms:play-services-mlkit-face-detection:16.2.0] AndroidManifest.xml:13:17-114
88                android:value="com.google.firebase.components.ComponentRegistrar" />
88-->[com.google.android.gms:play-services-mlkit-face-detection:16.2.0] AndroidManifest.xml:14:17-82
89            <meta-data
89-->[com.google.android.gms:play-services-mlkit-text-recognition:16.3.0] AndroidManifest.xml:12:13-14:85
90                android:name="com.google.firebase.components:com.google.mlkit.vision.text.internal.TextRegistrar"
90-->[com.google.android.gms:play-services-mlkit-text-recognition:16.3.0] AndroidManifest.xml:13:17-114
91                android:value="com.google.firebase.components.ComponentRegistrar" />
91-->[com.google.android.gms:play-services-mlkit-text-recognition:16.3.0] AndroidManifest.xml:14:17-82
92            <meta-data
92-->[com.google.mlkit:vision-common:16.5.0] AndroidManifest.xml:12:13-14:85
93                android:name="com.google.firebase.components:com.google.mlkit.vision.common.internal.VisionCommonRegistrar"
93-->[com.google.mlkit:vision-common:16.5.0] AndroidManifest.xml:13:17-124
94                android:value="com.google.firebase.components.ComponentRegistrar" />
94-->[com.google.mlkit:vision-common:16.5.0] AndroidManifest.xml:14:17-82
95            <meta-data
95-->[com.google.mlkit:common:17.2.0] AndroidManifest.xml:20:13-22:85
96                android:name="com.google.firebase.components:com.google.mlkit.common.internal.CommonComponentRegistrar"
96-->[com.google.mlkit:common:17.2.0] AndroidManifest.xml:21:17-120
97                android:value="com.google.firebase.components.ComponentRegistrar" />
97-->[com.google.mlkit:common:17.2.0] AndroidManifest.xml:22:17-82
98        </service>
99
100        <provider
100-->[com.google.mlkit:common:17.2.0] AndroidManifest.xml:9:9-13:38
101            android:name="com.google.mlkit.common.internal.MlKitInitProvider"
101-->[com.google.mlkit:common:17.2.0] AndroidManifest.xml:10:13-78
102            android:authorities="com.pharmacy.mlkitinitprovider"
102-->[com.google.mlkit:common:17.2.0] AndroidManifest.xml:11:13-69
103            android:exported="false"
103-->[com.google.mlkit:common:17.2.0] AndroidManifest.xml:12:13-37
104            android:initOrder="99" />
104-->[com.google.mlkit:common:17.2.0] AndroidManifest.xml:13:13-35
105
106        <activity
106-->[com.google.android.gms:play-services-base:17.6.0] AndroidManifest.xml:23:9-26:75
107            android:name="com.google.android.gms.common.api.GoogleApiActivity"
107-->[com.google.android.gms:play-services-base:17.6.0] AndroidManifest.xml:24:13-79
108            android:exported="false"
108-->[com.google.android.gms:play-services-base:17.6.0] AndroidManifest.xml:25:13-37
109            android:theme="@android:style/Theme.Translucent.NoTitleBar" />
109-->[com.google.android.gms:play-services-base:17.6.0] AndroidManifest.xml:26:13-72
110
111        <meta-data
111-->[com.google.android.gms:play-services-basement:17.6.0] AndroidManifest.xml:23:9-25:69
112            android:name="com.google.android.gms.version"
112-->[com.google.android.gms:play-services-basement:17.6.0] AndroidManifest.xml:24:13-58
113            android:value="@integer/google_play_services_version" />
113-->[com.google.android.gms:play-services-basement:17.6.0] AndroidManifest.xml:25:13-66
114
115        <provider
115-->[androidx.emoji2:emoji2:1.0.0] AndroidManifest.xml:26:9-34:20
116            android:name="androidx.startup.InitializationProvider"
116-->[androidx.emoji2:emoji2:1.0.0] AndroidManifest.xml:27:13-67
117            android:authorities="com.pharmacy.androidx-startup"
117-->[androidx.emoji2:emoji2:1.0.0] AndroidManifest.xml:28:13-68
118            android:exported="false" >
118-->[androidx.emoji2:emoji2:1.0.0] AndroidManifest.xml:29:13-37
119            <meta-data
119-->[androidx.emoji2:emoji2:1.0.0] AndroidManifest.xml:31:13-33:52
120                android:name="androidx.emoji2.text.EmojiCompatInitializer"
120-->[androidx.emoji2:emoji2:1.0.0] AndroidManifest.xml:32:17-75
121                android:value="androidx.startup" />
121-->[androidx.emoji2:emoji2:1.0.0] AndroidManifest.xml:33:17-49
122            <meta-data
122-->[androidx.lifecycle:lifecycle-process:2.6.1] AndroidManifest.xml:29:13-31:52
123                android:name="androidx.lifecycle.ProcessLifecycleInitializer"
123-->[androidx.lifecycle:lifecycle-process:2.6.1] AndroidManifest.xml:30:17-78
124                android:value="androidx.startup" />
124-->[androidx.lifecycle:lifecycle-process:2.6.1] AndroidManifest.xml:31:17-49
125            <meta-data
125-->[androidx.profileinstaller:profileinstaller:1.3.0] AndroidManifest.xml:29:13-31:52
126                android:name="androidx.profileinstaller.ProfileInstallerInitializer"
126-->[androidx.profileinstaller:profileinstaller:1.3.0] AndroidManifest.xml:30:17-85
127                android:value="androidx.startup" />
127-->[androidx.profileinstaller:profileinstaller:1.3.0] AndroidManifest.xml:31:17-49
128        </provider>
129
130        <receiver
130-->[androidx.profileinstaller:profileinstaller:1.3.0] AndroidManifest.xml:34:9-52:20
131            android:name="androidx.profileinstaller.ProfileInstallReceiver"
131-->[androidx.profileinstaller:profileinstaller:1.3.0] AndroidManifest.xml:35:13-76
132            android:directBootAware="false"
132-->[androidx.profileinstaller:profileinstaller:1.3.0] AndroidManifest.xml:36:13-44
133            android:enabled="true"
133-->[androidx.profileinstaller:profileinstaller:1.3.0] AndroidManifest.xml:37:13-35
134            android:exported="true"
134-->[androidx.profileinstaller:profileinstaller:1.3.0] AndroidManifest.xml:38:13-36
135            android:permission="android.permission.DUMP" >
135-->[androidx.profileinstaller:profileinstaller:1.3.0] AndroidManifest.xml:39:13-57
136            <intent-filter>
136-->[androidx.profileinstaller:profileinstaller:1.3.0] AndroidManifest.xml:40:13-42:29
137                <action android:name="androidx.profileinstaller.action.INSTALL_PROFILE" />
137-->[androidx.profileinstaller:profileinstaller:1.3.0] AndroidManifest.xml:41:17-91
137-->[androidx.profileinstaller:profileinstaller:1.3.0] AndroidManifest.xml:41:25-88
138            </intent-filter>
139            <intent-filter>
139-->[androidx.profileinstaller:profileinstaller:1.3.0] AndroidManifest.xml:43:13-45:29
140                <action android:name="androidx.profileinstaller.action.SKIP_FILE" />
140-->[androidx.profileinstaller:profileinstaller:1.3.0] AndroidManifest.xml:44:17-85
140-->[androidx.profileinstaller:profileinstaller:1.3.0] AndroidManifest.xml:44:25-82
141            </intent-filter>
142            <intent-filter>
142-->[androidx.profileinstaller:profileinstaller:1.3.0] AndroidManifest.xml:46:13-48:29
143                <action android:name="androidx.profileinstaller.action.SAVE_PROFILE" />
143-->[androidx.profileinstaller:profileinstaller:1.3.0] AndroidManifest.xml:47:17-88
143-->[androidx.profileinstaller:profileinstaller:1.3.0] AndroidManifest.xml:47:25-85
144            </intent-filter>
145            <intent-filter>
145-->[androidx.profileinstaller:profileinstaller:1.3.0] AndroidManifest.xml:49:13-51:29
146                <action android:name="androidx.profileinstaller.action.BENCHMARK_OPERATION" />
146-->[androidx.profileinstaller:profileinstaller:1.3.0] AndroidManifest.xml:50:17-95
146-->[androidx.profileinstaller:profileinstaller:1.3.0] AndroidManifest.xml:50:25-92
147            </intent-filter>
148        </receiver>
149
150        <service
150-->[com.google.android.datatransport:transport-backend-cct:2.3.3] AndroidManifest.xml:29:9-35:19
151            android:name="com.google.android.datatransport.runtime.backends.TransportBackendDiscovery"
151-->[com.google.android.datatransport:transport-backend-cct:2.3.3] AndroidManifest.xml:30:13-103
152            android:exported="false" >
152-->[com.google.android.datatransport:transport-backend-cct:2.3.3] AndroidManifest.xml:31:13-37
153            <meta-data
153-->[com.google.android.datatransport:transport-backend-cct:2.3.3] AndroidManifest.xml:32:13-34:39
154                android:name="backend:com.google.android.datatransport.cct.CctBackendFactory"
154-->[com.google.android.datatransport:transport-backend-cct:2.3.3] AndroidManifest.xml:33:17-94
155                android:value="cct" />
155-->[com.google.android.datatransport:transport-backend-cct:2.3.3] AndroidManifest.xml:34:17-36
156        </service>
157        <service
157-->[com.google.android.datatransport:transport-runtime:2.2.6] AndroidManifest.xml:26:9-30:19
158            android:name="com.google.android.datatransport.runtime.scheduling.jobscheduling.JobInfoSchedulerService"
158-->[com.google.android.datatransport:transport-runtime:2.2.6] AndroidManifest.xml:27:13-117
159            android:exported="false"
159-->[com.google.android.datatransport:transport-runtime:2.2.6] AndroidManifest.xml:28:13-37
160            android:permission="android.permission.BIND_JOB_SERVICE" >
160-->[com.google.android.datatransport:transport-runtime:2.2.6] AndroidManifest.xml:29:13-69
161        </service>
162
163        <receiver
163-->[com.google.android.datatransport:transport-runtime:2.2.6] AndroidManifest.xml:32:9-34:40
164            android:name="com.google.android.datatransport.runtime.scheduling.jobscheduling.AlarmManagerSchedulerBroadcastReceiver"
164-->[com.google.android.datatransport:transport-runtime:2.2.6] AndroidManifest.xml:33:13-132
165            android:exported="false" />
165-->[com.google.android.datatransport:transport-runtime:2.2.6] AndroidManifest.xml:34:13-37
166    </application>
167
168</manifest>